<?xml version="1.0" encoding="UTF-8"?>
<!-- Generated by org.testng.reporters.JUnitReportReporter -->
<testsuite hostname="Akash" failures="0" tests="2" name="com.qa.Testcases.LoginTest" time="15.480" errors="0" timestamp="2023-02-02T12:02:56 IST" skipped="0">
  <testcase classname="com.qa.Testcases.LoginTest" name="testLoginPageTitle" time="8.343"/>
  <system-out/>
  <testcase classname="com.qa.Testcases.LoginTest" name="testLogin" time="7.137"/>
  <system-out/>
</testsuite> <!-- com.qa.Testcases.LoginTest -->
